<?xml version="1.0" encoding="UTF-8"?>
<testsuite name="MyStackTest" tests="11" skipped="0" failures="0" errors="0" timestamp="2021-11-12T08:18:52" hostname="DESKTOP-OC22EIC" time="0.131">
  <properties/>
  <testcase name="[1] [34, 55, -20, 134, 0]" classname="MyStackTest" time="0.069"/>
  <testcase name="[2] [34, 2147483647, 20, -2147483648, 0, 1, 2, 3]" classname="MyStackTest" time="0.002"/>
  <testcase name="[3] [1]" classname="MyStackTest" time="0.002"/>
  <testcase name="[1] [34, 55, -20, 134, 0]" classname="MyStackTest" time="0.004"/>
  <testcase name="[2] [34, 2147483647, 20, -2147483648, 0, 1, 2, 3]" classname="MyStackTest" time="0.002"/>
  <testcase name="[3] [1]" classname="MyStackTest" time="0.001"/>
  <testcase name="[1] [a, b, c, d, Hello, World]" classname="MyStackTest" time="0.003"/>
  <testcase name="[2] []" classname="MyStackTest" time="0.002"/>
  <testcase name="[1] [34, 55, -20, 134, 0]" classname="MyStackTest" time="0.005"/>
  <testcase name="[2] [34, 2147483647, 20, -2147483648, 0, 1, 2, 3]" classname="MyStackTest" time="0.002"/>
  <testcase name="[3] [1]" classname="MyStackTest" time="0.002"/>
  <system-out><![CDATA[]]></system-out>
  <system-err><![CDATA[]]></system-err>
</testsuite>
