<?xml version="1.0" encoding="UTF-8"?>
<testsuite name="PrimeTest" tests="4" skipped="0" failures="0" errors="0" timestamp="2022-03-01T13:22:47" hostname="DESKTOP-OC22EIC" time="0.085">
  <properties/>
  <testcase name="parallelTest()" classname="PrimeTest" time="0.059"/>
  <testcase name="threadTest()" classname="PrimeTest" time="0.012"/>
  <testcase name="consequentTest()" classname="PrimeTest" time="0.004"/>
  <testcase name="SimpleTest()" classname="PrimeTest" time="0.005"/>
  <system-out><![CDATA[Parallel stream - 0 ms;
Threaded parallel process - 4 threads - 0 ms;
Concurrent process - 0 ms;
]]></system-out>
  <system-err><![CDATA[]]></system-err>
</testsuite>
