<?xml version="1.0" encoding="UTF-8"?>
<testsuite name="CreditbookTest" tests="1" skipped="0" failures="0" errors="0" timestamp="2021-11-28T15:24:44" hostname="DESKTOP-OC22EIC" time="0.039">
  <properties/>
  <testcase name="MyTest()" classname="CreditbookTest" time="0.039"/>
  <system-out><![CDATA[]]></system-out>
  <system-err><![CDATA[]]></system-err>
</testsuite>
